<?xml version="1.0" encoding="UTF-8"?>
<!-- Generated by org.testng.reporters.JUnitXMLReporter -->
<testsuite ignored="0" hostname="DESKTOP-91HLLFP" failures="1" tests="1" name="chromeTest" time="46.247" errors="0" timestamp="2024-11-09T15:39:58 IST">
  <testcase classname="testcases.TC_001AccountRegisterTest" name="verify_Acc_Register" time="7.805">
    <failure type="java.lang.AssertionError" message="null">
      <![CDATA[java.lang.AssertionError: null
at testcases.TC_001AccountRegisterTest.verify_Acc_Register(TC_001AccountRegisterTest.java:37)
at java.base/java.util.ArrayList.forEach(ArrayList.java:1511)
at java.base/java.util.concurrent.FutureTask.run(FutureTask.java:317)
at java.base/java.util.concurrent.ThreadPoolExecutor.runWorker(ThreadPoolExecutor.java:1144)
at java.base/java.util.concurrent.ThreadPoolExecutor$Worker.run(ThreadPoolExecutor.java:642)
at java.base/java.lang.Thread.run(Thread.java:1589)
... Removed 17 stack frames]]>
    </failure>
  </testcase> <!-- verify_Acc_Register -->
</testsuite> <!-- chromeTest -->
