<?xml version="1.0" encoding="UTF-8"?>
<!-- Generated by org.testng.reporters.JUnitXMLReporter -->
<testsuite ignored="0" hostname="DESKTOP-91HLLFP" failures="0" tests="1" name="Test" time="0.064" errors="0" timestamp="2024-09-04T15:12:36 IST">
  <testcase classname="baseTest.BaseClass" name="@BeforeClass setUp" time="-1.725442956892E9">
    <failure type="org.testng.TestNGException" message="
Parameter &amp;apos;browser&amp;apos; is required by BeforeClass on method setUp but has not been marked @Optional or defined
in C:\Users\Hareprasath S\eclipse-workspace\JavaMockPreparation\opencart\mastertestng.xml">
      <![CDATA[org.testng.TestNGException: 
Parameter 'browser' is required by BeforeClass on method setUp but has not been marked @Optional or defined
in C:\Users\Hareprasath S\eclipse-workspace\JavaMockPreparation\opencart\mastertestng.xml
at java.base/java.util.ArrayList.forEach(ArrayList.java:1511)
... Removed 22 stack frames]]>
    </failure>
  </testcase> <!-- @BeforeClass setUp -->
  <testcase classname="baseTest.BaseClass" name="@AfterClass tearDown" time="0.0">
    <skipped/>
  </testcase> <!-- @AfterClass tearDown -->
  <testcase classname="testcases.TC_001AccountRegisterTest" name="verify_Acc_Register" time="0.0">
    <skipped/>
  </testcase> <!-- verify_Acc_Register -->
</testsuite> <!-- Test -->
