<?xml version="1.0" encoding="UTF-8"?>
<testng-results ignored="0" total="2" passed="1" failed="1" skipped="0">
  <reporter-output>
  </reporter-output>
  <suite started-at="2024-11-09T15:39:11 IST" name="Suite" finished-at="2024-11-09T15:41:01 IST" duration-ms="110805">
    <groups>
      <group name="Regression">
        <method signature="TC_001AccountRegisterTest.verify_Acc_Register()[pri:0, instance:testcases.TC_001AccountRegisterTest@4c5474f5]" name="verify_Acc_Register" class="testcases.TC_001AccountRegisterTest"/>
        <method signature="TC_001AccountRegisterTest.verify_Acc_Register()[pri:0, instance:testcases.TC_001AccountRegisterTest@2371aaca]" name="verify_Acc_Register" class="testcases.TC_001AccountRegisterTest"/>
        <method signature="TC_001AccountRegisterTest.verify_Acc_Register()[pri:0, instance:testcases.TC_001AccountRegisterTest@63fdab07]" name="verify_Acc_Register" class="testcases.TC_001AccountRegisterTest"/>
      </group> <!-- Regression -->
      <group name="master">
        <method signature="TC_001AccountRegisterTest.verify_Acc_Register()[pri:0, instance:testcases.TC_001AccountRegisterTest@4c5474f5]" name="verify_Acc_Register" class="testcases.TC_001AccountRegisterTest"/>
        <method signature="TC_001AccountRegisterTest.verify_Acc_Register()[pri:0, instance:testcases.TC_001AccountRegisterTest@2371aaca]" name="verify_Acc_Register" class="testcases.TC_001AccountRegisterTest"/>
        <method signature="TC_001AccountRegisterTest.verify_Acc_Register()[pri:0, instance:testcases.TC_001AccountRegisterTest@63fdab07]" name="verify_Acc_Register" class="testcases.TC_001AccountRegisterTest"/>
      </group> <!-- master -->
    </groups>
    <test started-at="2024-11-09T15:39:11 IST" name="chromeTest" finished-at="2024-11-09T15:39:57 IST" duration-ms="46247">
      <class name="testcases.TC_001AccountRegisterTest">
        <test-method is-config="true" signature="setUp(java.lang.String)[pri:0, instance:testcases.TC_001AccountRegisterTest@4c5474f5]" started-at="2024-11-09T15:39:11 IST" name="setUp" finished-at="2024-11-09T15:39:33 IST" duration-ms="22405" status="PASS">
          <params>
            <param index="0">
              <value>
                <![CDATA[chrome]]>
              </value>
            </param>
          </params>
          <reporter-output>
          </reporter-output>
        </test-method> <!-- setUp -->
        <test-method signature="verify_Acc_Register()[pri:0, instance:testcases.TC_001AccountRegisterTest@4c5474f5]" started-at="2024-11-09T15:39:33 IST" name="verify_Acc_Register" finished-at="2024-11-09T15:39:41 IST" duration-ms="7805" status="FAIL">
          <exception class="java.lang.AssertionError">
            <message>
              <![CDATA[null]]>
            </message>
            <full-stacktrace>
              <![CDATA[java.lang.AssertionError: null
at org.testng.Assert.fail(Assert.java:111)
at org.testng.Assert.fail(Assert.java:116)
at testcases.TC_001AccountRegisterTest.verify_Acc_Register(TC_001AccountRegisterTest.java:37)
at java.base/jdk.internal.reflect.DirectMethodHandleAccessor.invoke(DirectMethodHandleAccessor.java:104)
at java.base/java.lang.reflect.Method.invoke(Method.java:578)
at org.testng.internal.invokers.MethodInvocationHelper.invokeMethod(MethodInvocationHelper.java:139)
at org.testng.internal.invokers.TestInvoker.invokeMethod(TestInvoker.java:664)
at org.testng.internal.invokers.TestInvoker.invokeTestMethod(TestInvoker.java:227)
at org.testng.internal.invokers.MethodRunner.runInSequence(MethodRunner.java:50)
at org.testng.internal.invokers.TestInvoker$MethodInvocationAgent.invoke(TestInvoker.java:957)
at org.testng.internal.invokers.TestInvoker.invokeTestMethods(TestInvoker.java:200)
at org.testng.internal.invokers.TestMethodWorker.invokeTestMethods(TestMethodWorker.java:148)
at org.testng.internal.invokers.TestMethodWorker.run(TestMethodWorker.java:128)
at java.base/java.util.ArrayList.forEach(ArrayList.java:1511)
at org.testng.TestRunner.privateRun(TestRunner.java:848)
at org.testng.TestRunner.run(TestRunner.java:621)
at org.testng.SuiteRunner.runTest(SuiteRunner.java:443)
at org.testng.SuiteRunner$SuiteWorker.run(SuiteRunner.java:481)
at org.testng.internal.thread.ThreadUtil.lambda$execute$0(ThreadUtil.java:58)
at java.base/java.util.concurrent.FutureTask.run(FutureTask.java:317)
at java.base/java.util.concurrent.ThreadPoolExecutor.runWorker(ThreadPoolExecutor.java:1144)
at java.base/java.util.concurrent.ThreadPoolExecutor$Worker.run(ThreadPoolExecutor.java:642)
at java.base/java.lang.Thread.run(Thread.java:1589)
]]>
            </full-stacktrace>
          </exception> <!-- java.lang.AssertionError -->
          <reporter-output>
          </reporter-output>
        </test-method> <!-- verify_Acc_Register -->
        <test-method is-config="true" signature="tearDown()[pri:0, instance:testcases.TC_001AccountRegisterTest@4c5474f5]" started-at="2024-11-09T15:39:49 IST" name="tearDown" finished-at="2024-11-09T15:39:57 IST" duration-ms="7990" status="PASS">
          <reporter-output>
          </reporter-output>
        </test-method> <!-- tearDown -->
      </class> <!-- testcases.TC_001AccountRegisterTest -->
    </test> <!-- chromeTest -->
    <test started-at="2024-11-09T15:39:11 IST" name="firefoxTest" finished-at="2024-11-09T15:41:01 IST" duration-ms="110805">
      <class name="testcases.TC_001AccountRegisterTest">
        <test-method is-config="true" signature="setUp(java.lang.String)[pri:0, instance:testcases.TC_001AccountRegisterTest@2371aaca]" started-at="2024-11-09T15:39:11 IST" name="setUp" finished-at="2024-11-09T15:40:30 IST" duration-ms="78815" status="PASS">
          <params>
            <param index="0">
              <value>
                <![CDATA[firefox]]>
              </value>
            </param>
          </params>
          <reporter-output>
          </reporter-output>
        </test-method> <!-- setUp -->
        <test-method signature="verify_Acc_Register()[pri:0, instance:testcases.TC_001AccountRegisterTest@2371aaca]" started-at="2024-11-09T15:40:30 IST" name="verify_Acc_Register" finished-at="2024-11-09T15:40:45 IST" duration-ms="15428" status="PASS">
          <reporter-output>
          </reporter-output>
        </test-method> <!-- verify_Acc_Register -->
        <test-method is-config="true" signature="tearDown()[pri:0, instance:testcases.TC_001AccountRegisterTest@2371aaca]" started-at="2024-11-09T15:40:45 IST" name="tearDown" finished-at="2024-11-09T15:41:01 IST" duration-ms="16348" status="PASS">
          <reporter-output>
          </reporter-output>
        </test-method> <!-- tearDown -->
      </class> <!-- testcases.TC_001AccountRegisterTest -->
    </test> <!-- firefoxTest -->
  </suite> <!-- Suite -->
</testng-results>
